1716598897284:help
1716598901719:generate
1716598909496:generate 17
1716598994232:generate
1716598999920:generate 13
1716599436680:generate
1716599441225:generate 7
1716599447544:clear
1716599449095:exit
1716748912464:help
1716748920247:generate-with-chars
1716748937085:help generate-with-chars
1716748958804:generate-with-chars #&@
1716749093234:help
1716749098148:generate
1716749108832:clear
1716749122571:generate-with-chars "0@&?"
1716749193904:generate-with-chars
1716749205570:generate-with-chars @&?
1716749226311:exit
1716750746472:help
1716750750839:generate
1716750757302:generate 17
1716750767854:generate-with-chars @abc#
1716750790678:generate-with-chars &@# 17
1716751114576:help
1716751121568:generate 80
1716751157173:generate-with-chars "# 12\n\n*\n\n\n"
1716751173390:generate-with-chars #?! 12
1716751176414:exit
1716808544078:help
1716808554894:history
1716808573379:help
1716808725259:exit
1717953426132:help
1717953453356:exit
1717955823095:help
1717955845347:help generate-custom
1717955857070:generate-custom
1717955877720:generate-custom 8 8 8
1717955881365:exit
1717956191212:help
1717956200001:generate-multiple 3
